<?xml version="1.0" encoding="UTF-8"?>
<testsuite name="hello.core.member.MemberServiceTest" tests="1" skipped="0" failures="0" errors="0" timestamp="2024-03-17T21:48:00" hostname="Suhwan-M3-MacBook-Pro.local" time="0.001">
  <properties/>
  <testcase name="join()" classname="hello.core.member.MemberServiceTest" time="0.001"/>
  <system-out><![CDATA[]]></system-out>
  <system-err><![CDATA[]]></system-err>
</testsuite>
