<?xml version="1.0" encoding="UTF-8"?>
<testsuite name="hello.core.singleton.ConfigurationSingletonTest" tests="1" skipped="0" failures="0" errors="0" timestamp="2024-03-20T22:54:55" hostname="Suhwan-M3-MacBook-Pro.local" time="0.157">
  <properties/>
  <testcase name="configurationDeep()" classname="hello.core.singleton.ConfigurationSingletonTest" time="0.157"/>
  <system-out><![CDATA[07:54:56.054 [Test worker] DEBUG o.s.c.a.AnnotationConfigApplicationContext --
                Refreshing org.springframework.context.annotation.AnnotationConfigApplicationContext@5aac4250
07:54:56.059 [Test worker] DEBUG o.s.b.f.s.DefaultListableBeanFactory --
                Creating shared instance of singleton bean 'org.springframework.context.annotation.internalConfigurationAnnotationProcessor'
07:54:56.103 [Test worker] DEBUG o.s.b.f.s.DefaultListableBeanFactory --
                Creating shared instance of singleton bean 'org.springframework.context.event.internalEventListenerProcessor'
07:54:56.104 [Test worker] DEBUG o.s.b.f.s.DefaultListableBeanFactory --
                Creating shared instance of singleton bean 'org.springframework.context.event.internalEventListenerFactory'
07:54:56.105 [Test worker] DEBUG o.s.b.f.s.DefaultListableBeanFactory --
                Creating shared instance of singleton bean 'org.springframework.context.annotation.internalAutowiredAnnotationProcessor'
07:54:56.105 [Test worker] DEBUG o.s.b.f.s.DefaultListableBeanFactory --
                Creating shared instance of singleton bean 'org.springframework.context.annotation.internalCommonAnnotationProcessor'
07:54:56.107 [Test worker] DEBUG o.s.b.f.s.DefaultListableBeanFactory --
                Creating shared instance of singleton bean 'appConfig'
07:54:56.108 [Test worker] DEBUG o.s.b.f.s.DefaultListableBeanFactory --
                Creating shared instance of singleton bean 'memberService'
call AppConfig.memberService
07:54:56.110 [Test worker] DEBUG o.s.b.f.s.DefaultListableBeanFactory --
                Creating shared instance of singleton bean 'memberRepository'
call AppConfig.memberRepository
07:54:56.111 [Test worker] DEBUG o.s.b.f.s.DefaultListableBeanFactory --
                Creating shared instance of singleton bean 'orderService'
call AppConfig.orderService
07:54:56.111 [Test worker] DEBUG o.s.b.f.s.DefaultListableBeanFactory --
                Creating shared instance of singleton bean 'discountPolicy'
bean = class hello.core.AppConfig$$SpringCGLIB$$0
]]></system-out>
  <system-err><![CDATA[]]></system-err>
</testsuite>
