<?xml version="1.0" encoding="UTF-8"?>
<testsuite name="hello.core.CoreApplicationTests" tests="1" skipped="0" failures="0" errors="0" timestamp="2024-03-17T08:39:33" hostname="Suhwan-M3-MacBook-Pro.local" time="0.349">
  <properties/>
  <testcase name="contextLoads()" classname="hello.core.CoreApplicationTests" time="0.349"/>
  <system-out><![CDATA[17:39:33.657 [Test worker] INFO org.springframework.test.context.support.AnnotationConfigContextLoaderUtils -- Could not detect default configuration classes for test class [hello.core.CoreApplicationTests]: CoreApplicationTests does not declare any static, non-private, non-final, nested classes annotated with @Configuration.
17:39:33.693 [Test worker] INFO org.springframework.boot.test.context.SpringBootTestContextBootstrapper -- Found @SpringBootConfiguration hello.core.CoreApplication for test class hello.core.CoreApplicationTests

  .   ____          _            __ _ _
 /\\ / ___'_ __ _ _(_)_ __  __ _ \ \ \ \
( ( )\___ | '_ | '_| | '_ \/ _` | \ \ \ \
 \\/  ___)| |_)| | | | | || (_| |  ) ) ) )
  '  |____| .__|_| |_|_| |_\__, | / / / /
 =========|_|==============|___/=/_/_/_/
 :: Spring Boot ::                (v3.2.3)

2024-03-17T17:39:33.804+09:00  INFO 5808 --- [core] [    Test worker] hello.core.CoreApplicationTests          : Starting CoreApplicationTests using Java 17.0.10 with PID 5808 (started by choisuhwan in /Users/choisuhwan/study/Spring1)
2024-03-17T17:39:33.804+09:00  INFO 5808 --- [core] [    Test worker] hello.core.CoreApplicationTests          : No active profile set, falling back to 1 default profile: "default"
2024-03-17T17:39:33.945+09:00  INFO 5808 --- [core] [    Test worker] hello.core.CoreApplicationTests          : Started CoreApplicationTests in 0.211 seconds (process running for 0.552)
]]></system-out>
  <system-err><![CDATA[]]></system-err>
</testsuite>
