<?xml version="1.0" encoding="UTF-8"?>
<testsuite name="hello.core.beanfind.ApplicationContextExtendsFindTest" tests="1" skipped="0" failures="0" errors="0" timestamp="2024-03-19T15:03:31" hostname="Suhwan-M3-MacBook-Pro.local" time="0.007">
  <properties/>
  <testcase name="부모 타입으로 모두 조회하기 -Object" classname="hello.core.beanfind.ApplicationContextExtendsFindTest" time="0.007"/>
  <system-out><![CDATA[00:03:31.445 [Test worker] DEBUG o.s.c.a.AnnotationConfigApplicationContext --
                Refreshing org.springframework.context.annotation.AnnotationConfigApplicationContext@42721fe
00:03:31.449 [Test worker] DEBUG o.s.b.f.s.DefaultListableBeanFactory --
                Creating shared instance of singleton bean 'org.springframework.context.annotation.internalConfigurationAnnotationProcessor'
00:03:31.487 [Test worker] DEBUG o.s.b.f.s.DefaultListableBeanFactory --
                Creating shared instance of singleton bean 'org.springframework.context.event.internalEventListenerProcessor'
00:03:31.489 [Test worker] DEBUG o.s.b.f.s.DefaultListableBeanFactory --
                Creating shared instance of singleton bean 'org.springframework.context.event.internalEventListenerFactory'
00:03:31.489 [Test worker] DEBUG o.s.b.f.s.DefaultListableBeanFactory --
                Creating shared instance of singleton bean 'org.springframework.context.annotation.internalAutowiredAnnotationProcessor'
00:03:31.490 [Test worker] DEBUG o.s.b.f.s.DefaultListableBeanFactory --
                Creating shared instance of singleton bean 'org.springframework.context.annotation.internalCommonAnnotationProcessor'
00:03:31.492 [Test worker] DEBUG o.s.b.f.s.DefaultListableBeanFactory --
                Creating shared instance of singleton bean 'applicationContextExtendsFindTest.TestConfig'
00:03:31.493 [Test worker] DEBUG o.s.b.f.s.DefaultListableBeanFactory --
                Creating shared instance of singleton bean 'rateDiscountPolicy'
00:03:31.494 [Test worker] DEBUG o.s.b.f.s.DefaultListableBeanFactory --
                Creating shared instance of singleton bean 'fixDiscountPolicy'
key = org.springframework.context.annotation.internalConfigurationAnnotationProcessor value = org.springframework.context.annotation.ConfigurationClassPostProcessor@159e366
key = org.springframework.context.annotation.internalAutowiredAnnotationProcessor value = org.springframework.beans.factory.annotation.AutowiredAnnotationBeanPostProcessor@57dc9128
key = org.springframework.context.annotation.internalCommonAnnotationProcessor value = org.springframework.context.annotation.CommonAnnotationBeanPostProcessor@24528a25
key = org.springframework.context.event.internalEventListenerProcessor value = org.springframework.context.event.EventListenerMethodProcessor@17ae98d7
key = org.springframework.context.event.internalEventListenerFactory value = org.springframework.context.event.DefaultEventListenerFactory@59221b97
key = applicationContextExtendsFindTest.TestConfig value = hello.core.beanfind.ApplicationContextExtendsFindTest$TestConfig$$SpringCGLIB$$0@6ac4944a
key = rateDiscountPolicy value = hello.core.discount.RateDiscountPolicy@5a772895
key = fixDiscountPolicy value = hello.core.discount.FixDiscountPolicy@39fc6b2c
key = environment value = StandardEnvironment {activeProfiles=[], defaultProfiles=[default], propertySources=[PropertiesPropertySource@1237264838 {name='systemProperties', properties={java.specification.version=17, sun.jnu.encoding=UTF-8, org.gradle.test.worker=21, java.class.path=/Users/choisuhwan/.gradle/caches/8.6/workerMain/gradle-worker.jar:/Users/choisuhwan/study/Spring1/build/classes/java/test:/Users/choisuhwan/study/Spring1/build/classes/java/main:/Users/choisuhwan/study/Spring1/build/resources/main:/Users/choisuhwan/.gradle/caches/modules-2/files-2.1/org.springframework.boot/spring-boot-starter-test/3.2.3/edfce43fbd303d556f3951af65dfb6e335d8230e/spring-boot-starter-test-3.2.3.jar:/Users/choisuhwan/.gradle/caches/modules-2/files-2.1/org.springframework.boot/spring-boot-starter/3.2.3/15f3e03b0fd9570f90bdce9651610cc152534cf4/spring-boot-starter-3.2.3.jar:/Users/choisuhwan/.gradle/caches/modules-2/files-2.1/org.springframework.boot/spring-boot-test-autoconfigure/3.2.3/ea2e1778142fc8a05bd9325b433b13fe0a6845c1/spring-boot-test-autoconfigure-3.2.3.jar:/Users/choisuhwan/.gradle/caches/modules-2/files-2.1/org.springframework.boot/spring-boot-autoconfigure/3.2.3/59db74eb4196885bb5a149417ab1ab51dc9b6952/spring-boot-autoconfigure-3.2.3.jar:/Users/choisuhwan/.gradle/caches/modules-2/files-2.1/org.springframework.boot/spring-boot-test/3.2.3/4f440305c921caa9eb11624c1c6fa8fcc5200a64/spring-boot-test-3.2.3.jar:/Users/choisuhwan/.gradle/caches/modules-2/files-2.1/org.springframework.boot/spring-boot/3.2.3/b4aa6e3fdc4078fee4a4b9d702d9cc64e3fad1d4/spring-boot-3.2.3.jar:/Users/choisuhwan/.gradle/caches/modules-2/files-2.1/org.springframework.boot/spring-boot-starter-logging/3.2.3/c186015229d7f5cbd30ea99bf903a8cede6d849f/spring-boot-starter-logging-3.2.3.jar:/Users/choisuhwan/.gradle/caches/modules-2/files-2.1/jakarta.annotation/jakarta.annotation-api/2.1.1/48b9bda22b091b1f48b13af03fe36db3be6e1ae3/jakarta.annotation-api-2.1.1.jar:/Users/choisuhwan/.gradle/caches/modules-2/files-2.1/org.springframework/spring-test/6.1.4/acef358552d3bb56a4da0894b8d2277de8ae39d9/spring-test-6.1.4.jar:/Users/choisuhwan/.gradle/caches/modules-2/files-2.1/org.springframework/spring-context/6.1.4/765316bef55e41e4523f9b2780b8721ce5dd0fe2/spring-context-6.1.4.jar:/Users/choisuhwan/.gradle/caches/modules-2/files-2.1/org.springframework/spring-aop/6.1.4/26ae2c9e7f69b0235a2faca1c58416c51eaebef6/spring-aop-6.1.4.jar:/Users/choisuhwan/.gradle/caches/modules-2/files-2.1/org.springframework/spring-beans/6.1.4/e311cc9937d522a1051622580b4a2c250fc74164/spring-beans-6.1.4.jar:/Users/choisuhwan/.gradle/caches/modules-2/files-2.1/org.springframework/spring-expression/6.1.4/a1f2e3af83c7222b7f95f68a8e0666fdcceb35e1/spring-expression-6.1.4.jar:/Users/choisuhwan/.gradle/caches/modules-2/files-2.1/org.springframework/spring-core/6.1.4/3b4dde8f55c3d5d4e948de64b866d7bb27e5a8d4/spring-core-6.1.4.jar:/Users/choisuhwan/.gradle/caches/modules-2/files-2.1/org.yaml/snakeyaml/2.2/3af797a25458550a16bf89acc8e4ab2b7f2bfce0/snakeyaml-2.2.jar:/Users/choisuhwan/.gradle/caches/modules-2/files-2.1/com.jayway.jsonpath/json-path/2.9.0/37fe2217f577b0b68b18e62c4d17a8858ecf9b69/json-path-2.9.0.jar:/Users/choisuhwan/.gradle/caches/modules-2/files-2.1/jakarta.xml.bind/jakarta.xml.bind-api/4.0.1/ca2330866cbc624c7e5ce982e121db1125d23e15/jakarta.xml.bind-api-4.0.1.jar:/Users/choisuhwan/.gradle/caches/modules-2/files-2.1/net.minidev/json-smart/2.5.0/57a64f421b472849c40e77d2e7cce3a141b41e99/json-smart-2.5.0.jar:/Users/choisuhwan/.gradle/caches/modules-2/files-2.1/org.assertj/assertj-core/3.24.2/ebbf338e33f893139459ce5df023115971c2786f/assertj-core-3.24.2.jar:/Users/choisuhwan/.gradle/caches/modules-2/files-2.1/org.awaitility/awaitility/4.2.0/2c39784846001a9cffd6c6b89c78de62c0d80fb8/awaitility-4.2.0.jar:/Users/choisuhwan/.gradle/caches/modules-2/files-2.1/org.hamcrest/hamcrest/2.2/1820c0968dba3a11a1b30669bb1f01978a91dedc/hamcrest-2.2.jar:/Users/choisuhwan/.gradle/caches/modules-2/files-2.1/org.mockito/mockito-junit-jupiter/5.7.0/ac2d6a3431747a7986b8f4abef465f72bf3a21ae/mockito-junit-jupiter-5.7.0.jar:/Users/choisuhwan/.gradle/caches/modules-2/files-2.1/org.junit.jupiter/junit-jupiter-params/5.10.2/359132c82a9d3fa87a325db6edd33b5fdc67a3d8/junit-jupiter-params-5.10.2.jar:/Users/choisuhwan/.gradle/caches/modules-2/files-2.1/org.junit.jupiter/junit-jupiter-engine/5.10.2/f1f8fe97bd58e85569205f071274d459c2c4f8cd/junit-jupiter-engine-5.10.2.jar:/Users/choisuhwan/.gradle/caches/modules-2/files-2.1/org.junit.jupiter/junit-jupiter-api/5.10.2/fb55d6e2bce173f35fd28422e7975539621055ef/junit-jupiter-api-5.10.2.jar:/Users/choisuhwan/.gradle/caches/modules-2/files-2.1/org.junit.platform/junit-platform-engine/1.10.2/d53bb4e0ce7f211a498705783440614bfaf0df2e/junit-platform-engine-1.10.2.jar:/Users/choisuhwan/.gradle/caches/modules-2/files-2.1/org.junit.platform/junit-platform-commons/1.10.2/3197154a1f0c88da46c47a9ca27611ac7ec5d797/junit-platform-commons-1.10.2.jar:/Users/choisuhwan/.gradle/caches/modules-2/files-2.1/org.junit.jupiter/junit-jupiter/5.10.2/831c0b86ddc2ce38391c5b81ea662b0cfdc02cce/junit-jupiter-5.10.2.jar:/Users/choisuhwan/.gradle/caches/modules-2/files-2.1/org.mockito/mockito-core/5.7.0/a1c258331ab91d66863c983aff7136357e9de056/mockito-core-5.7.0.jar:/Users/choisuhwan/.gradle/caches/modules-2/files-2.1/org.skyscreamer/jsonassert/1.5.1/6d842d0faf4cf6725c509a5e5347d319ee0431c3/jsonassert-1.5.1.jar:/Users/choisuhwan/.gradle/caches/modules-2/files-2.1/org.xmlunit/xmlunit-core/2.9.1/e5833662d9a1279a37da3ef6f62a1da29fcd68c4/xmlunit-core-2.9.1.jar:/Users/choisuhwan/.gradle/caches/modules-2/files-2.1/ch.qos.logback/logback-classic/1.4.14/d98bc162275134cdf1518774da4a2a17ef6fb94d/logback-classic-1.4.14.jar:/Users/choisuhwan/.gradle/caches/modules-2/files-2.1/org.apache.logging.log4j/log4j-to-slf4j/2.21.1/d77b2ba81711ed596cd797cc2b5b5bd7409d841c/log4j-to-slf4j-2.21.1.jar:/Users/choisuhwan/.gradle/caches/modules-2/files-2.1/org.slf4j/jul-to-slf4j/2.0.12/eb5f48f782b41cc881b0bf1fb4d88ae2ff6d5b93/jul-to-slf4j-2.0.12.jar:/Users/choisuhwan/.gradle/caches/modules-2/files-2.1/org.springframework/spring-jcl/6.1.4/a244bd674a5431dfdce68d28cdf857104e6fff67/spring-jcl-6.1.4.jar:/Users/choisuhwan/.gradle/caches/modules-2/files-2.1/org.slf4j/slf4j-api/2.0.12/48f109a2a6d8f446c794f3e3fa0d86df0cdfa312/slf4j-api-2.0.12.jar:/Users/choisuhwan/.gradle/caches/modules-2/files-2.1/jakarta.activation/jakarta.activation-api/2.1.2/640c0d5aff45dbff1e1a1bc09673ff3a02b1ba12/jakarta.activation-api-2.1.2.jar:/Users/choisuhwan/.gradle/caches/modules-2/files-2.1/net.minidev/accessors-smart/2.5.0/aca011492dfe9c26f4e0659028a4fe0970829dd8/accessors-smart-2.5.0.jar:/Users/choisuhwan/.gradle/caches/modules-2/files-2.1/net.bytebuddy/byte-buddy/1.14.12/6e37f743dc15a8d7a4feb3eb0025cbc612d5b9e1/byte-buddy-1.14.12.jar:/Users/choisuhwan/.gradle/caches/modules-2/files-2.1/net.bytebuddy/byte-buddy-agent/1.14.12/be4984cb6fd1ef1d11f218a648889dfda44b8a15/byte-buddy-agent-1.14.12.jar:/Users/choisuhwan/.gradle/caches/modules-2/files-2.1/org.objenesis/objenesis/3.3/1049c09f1de4331e8193e579448d0916d75b7631/objenesis-3.3.jar:/Users/choisuhwan/.gradle/caches/modules-2/files-2.1/com.vaadin.external.google/android-json/0.0.20131108.vaadin1/fa26d351fe62a6a17f5cda1287c1c6110dec413f/android-json-0.0.20131108.vaadin1.jar:/Users/choisuhwan/.gradle/caches/modules-2/files-2.1/io.micrometer/micrometer-observation/1.12.3/105f768c211564fcebe4d79419bda4ebef0d0ac7/micrometer-observation-1.12.3.jar:/Users/choisuhwan/.gradle/caches/modules-2/files-2.1/ch.qos.logback/logback-core/1.4.14/4d3c2248219ac0effeb380ed4c5280a80bf395e8/logback-core-1.4.14.jar:/Users/choisuhwan/.gradle/caches/modules-2/files-2.1/org.apache.logging.log4j/log4j-api/2.21.1/74c65e87b9ce1694a01524e192d7be989ba70486/log4j-api-2.21.1.jar:/Users/choisuhwan/.gradle/caches/modules-2/files-2.1/org.ow2.asm/asm/9.3/8e6300ef51c1d801a7ed62d07cd221aca3a90640/asm-9.3.jar:/Users/choisuhwan/.gradle/caches/modules-2/files-2.1/org.opentest4j/opentest4j/1.3.0/152ea56b3a72f655d4fd677fc0ef2596c3dd5e6e/opentest4j-1.3.0.jar:/Users/choisuhwan/.gradle/caches/modules-2/files-2.1/io.micrometer/micrometer-commons/1.12.3/83add2dda5cdc811fefb83e858c7412a176fe5b1/micrometer-commons-1.12.3.jar:/Users/choisuhwan/.gradle/wrapper/dists/gradle-8.6-bin/afr5mpiioh2wthjmwnkmdsd5w/gradle-8.6/lib/plugins/junit-platform-engine-1.8.2.jar:/Users/choisuhwan/.gradle/wrapper/dists/gradle-8.6-bin/afr5mpiioh2wthjmwnkmdsd5w/gradle-8.6/lib/plugins/junit-platform-launcher-1.8.2.jar:/Users/choisuhwan/.gradle/wrapper/dists/gradle-8.6-bin/afr5mpiioh2wthjmwnkmdsd5w/gradle-8.6/lib/plugins/junit-platform-commons-1.8.2.jar, java.vm.vendor=Oracle Corporation, sun.arch.data.model=64, user.variant=, java.vendor.url=https://java.oracle.com/, user.timezone=Asia/Seoul, java.vm.specification.version=17, os.name=Mac OS X, user.country=KR, sun.java.launcher=SUN_STANDARD, sun.boot.library.path=/Library/Java/JavaVirtualMachines/jdk-17.jdk/Contents/Home/lib, sun.java.command=worker.org.gradle.process.internal.worker.GradleWorkerMain 'Gradle Test Executor 21', http.nonProxyHosts=local|*.local|169.254/16|*.169.254/16, jdk.debug=release, sun.cpu.endian=little, user.home=/Users/choisuhwan, user.language=ko, java.specification.vendor=Oracle Corporation, org.gradle.native=false, java.version.date=2024-01-16, java.home=/Library/Java/JavaVirtualMachines/jdk-17.jdk/Contents/Home, file.separator=/, java.vm.compressedOopsMode=Zero based, line.separator=
, java.vm.specification.vendor=Oracle Corporation, java.specification.name=Java Platform API Specification, sun.management.compiler=HotSpot 64-Bit Tiered Compilers, ftp.nonProxyHosts=local|*.local|169.254/16|*.169.254/16, java.runtime.version=17.0.10+11-LTS-240, user.name=choisuhwan, path.separator=:, os.version=14.4, java.runtime.name=Java(TM) SE Runtime Environment, file.encoding=UTF-8, java.vm.name=Java HotSpot(TM) 64-Bit Server VM, java.vendor.url.bug=https://bugreport.java.com/bugreport/, java.io.tmpdir=/var/folders/5m/cgc7m0v543g274gsw6wwxf6h0000gn/T/, java.version=17.0.10, user.dir=/Users/choisuhwan/study/Spring1, os.arch=aarch64, java.vm.specification.name=Java Virtual Machine Specification, org.gradle.internal.worker.tmpdir=/Users/choisuhwan/study/Spring1/build/tmp/test/work, native.encoding=UTF-8, java.library.path=/Users/choisuhwan/Library/Java/Extensions:/Library/Java/Extensions:/Network/Library/Java/Extensions:/System/Library/Java/Extensions:/usr/lib/java:., java.vm.info=mixed mode, sharing, java.vendor=Oracle Corporation, java.vm.version=17.0.10+11-LTS-240, sun.io.unicode.encoding=UnicodeBig, socksNonProxyHosts=local|*.local|169.254/16|*.169.254/16, java.class.version=61.0}}, SystemEnvironmentPropertySource@823758059 {name='systemEnvironment', properties={PATH=/usr/local/bin:/System/Cryptexes/App/usr/bin:/usr/bin:/bin:/usr/sbin:/sbin:/var/run/com.apple.security.cryptexd/codex.system/bootstrap/usr/local/bin:/var/run/com.apple.security.cryptexd/codex.system/bootstrap/usr/bin:/var/run/com.apple.security.cryptexd/codex.system/bootstrap/usr/appleinternal/bin, __CFBundleIdentifier=com.jetbrains.intellij.ce, SHELL=/bin/zsh, JAVA_MAIN_CLASS_9360=worker.org.gradle.process.internal.worker.GradleWorkerMain, OLDPWD=/, USER=choisuhwan, TMPDIR=/var/folders/5m/cgc7m0v543g274gsw6wwxf6h0000gn/T/, COMMAND_MODE=unix2003, SSH_AUTH_SOCK=/private/tmp/com.apple.launchd.LC2A2vjvI9/Listeners, XPC_FLAGS=0x0, __CF_USER_TEXT_ENCODING=0x1F5:0x3:0x33, LOGNAME=choisuhwan, LC_CTYPE=ko_KR.UTF-8, XPC_SERVICE_NAME=application.com.jetbrains.intellij.ce.392164.392880, IDEA_INITIAL_DIRECTORY=/, HOME=/Users/choisuhwan}}]}
key = systemProperties value = {java.specification.version=17, sun.jnu.encoding=UTF-8, org.gradle.test.worker=21, java.class.path=/Users/choisuhwan/.gradle/caches/8.6/workerMain/gradle-worker.jar:/Users/choisuhwan/study/Spring1/build/classes/java/test:/Users/choisuhwan/study/Spring1/build/classes/java/main:/Users/choisuhwan/study/Spring1/build/resources/main:/Users/choisuhwan/.gradle/caches/modules-2/files-2.1/org.springframework.boot/spring-boot-starter-test/3.2.3/edfce43fbd303d556f3951af65dfb6e335d8230e/spring-boot-starter-test-3.2.3.jar:/Users/choisuhwan/.gradle/caches/modules-2/files-2.1/org.springframework.boot/spring-boot-starter/3.2.3/15f3e03b0fd9570f90bdce9651610cc152534cf4/spring-boot-starter-3.2.3.jar:/Users/choisuhwan/.gradle/caches/modules-2/files-2.1/org.springframework.boot/spring-boot-test-autoconfigure/3.2.3/ea2e1778142fc8a05bd9325b433b13fe0a6845c1/spring-boot-test-autoconfigure-3.2.3.jar:/Users/choisuhwan/.gradle/caches/modules-2/files-2.1/org.springframework.boot/spring-boot-autoconfigure/3.2.3/59db74eb4196885bb5a149417ab1ab51dc9b6952/spring-boot-autoconfigure-3.2.3.jar:/Users/choisuhwan/.gradle/caches/modules-2/files-2.1/org.springframework.boot/spring-boot-test/3.2.3/4f440305c921caa9eb11624c1c6fa8fcc5200a64/spring-boot-test-3.2.3.jar:/Users/choisuhwan/.gradle/caches/modules-2/files-2.1/org.springframework.boot/spring-boot/3.2.3/b4aa6e3fdc4078fee4a4b9d702d9cc64e3fad1d4/spring-boot-3.2.3.jar:/Users/choisuhwan/.gradle/caches/modules-2/files-2.1/org.springframework.boot/spring-boot-starter-logging/3.2.3/c186015229d7f5cbd30ea99bf903a8cede6d849f/spring-boot-starter-logging-3.2.3.jar:/Users/choisuhwan/.gradle/caches/modules-2/files-2.1/jakarta.annotation/jakarta.annotation-api/2.1.1/48b9bda22b091b1f48b13af03fe36db3be6e1ae3/jakarta.annotation-api-2.1.1.jar:/Users/choisuhwan/.gradle/caches/modules-2/files-2.1/org.springframework/spring-test/6.1.4/acef358552d3bb56a4da0894b8d2277de8ae39d9/spring-test-6.1.4.jar:/Users/choisuhwan/.gradle/caches/modules-2/files-2.1/org.springframework/spring-context/6.1.4/765316bef55e41e4523f9b2780b8721ce5dd0fe2/spring-context-6.1.4.jar:/Users/choisuhwan/.gradle/caches/modules-2/files-2.1/org.springframework/spring-aop/6.1.4/26ae2c9e7f69b0235a2faca1c58416c51eaebef6/spring-aop-6.1.4.jar:/Users/choisuhwan/.gradle/caches/modules-2/files-2.1/org.springframework/spring-beans/6.1.4/e311cc9937d522a1051622580b4a2c250fc74164/spring-beans-6.1.4.jar:/Users/choisuhwan/.gradle/caches/modules-2/files-2.1/org.springframework/spring-expression/6.1.4/a1f2e3af83c7222b7f95f68a8e0666fdcceb35e1/spring-expression-6.1.4.jar:/Users/choisuhwan/.gradle/caches/modules-2/files-2.1/org.springframework/spring-core/6.1.4/3b4dde8f55c3d5d4e948de64b866d7bb27e5a8d4/spring-core-6.1.4.jar:/Users/choisuhwan/.gradle/caches/modules-2/files-2.1/org.yaml/snakeyaml/2.2/3af797a25458550a16bf89acc8e4ab2b7f2bfce0/snakeyaml-2.2.jar:/Users/choisuhwan/.gradle/caches/modules-2/files-2.1/com.jayway.jsonpath/json-path/2.9.0/37fe2217f577b0b68b18e62c4d17a8858ecf9b69/json-path-2.9.0.jar:/Users/choisuhwan/.gradle/caches/modules-2/files-2.1/jakarta.xml.bind/jakarta.xml.bind-api/4.0.1/ca2330866cbc624c7e5ce982e121db1125d23e15/jakarta.xml.bind-api-4.0.1.jar:/Users/choisuhwan/.gradle/caches/modules-2/files-2.1/net.minidev/json-smart/2.5.0/57a64f421b472849c40e77d2e7cce3a141b41e99/json-smart-2.5.0.jar:/Users/choisuhwan/.gradle/caches/modules-2/files-2.1/org.assertj/assertj-core/3.24.2/ebbf338e33f893139459ce5df023115971c2786f/assertj-core-3.24.2.jar:/Users/choisuhwan/.gradle/caches/modules-2/files-2.1/org.awaitility/awaitility/4.2.0/2c39784846001a9cffd6c6b89c78de62c0d80fb8/awaitility-4.2.0.jar:/Users/choisuhwan/.gradle/caches/modules-2/files-2.1/org.hamcrest/hamcrest/2.2/1820c0968dba3a11a1b30669bb1f01978a91dedc/hamcrest-2.2.jar:/Users/choisuhwan/.gradle/caches/modules-2/files-2.1/org.mockito/mockito-junit-jupiter/5.7.0/ac2d6a3431747a7986b8f4abef465f72bf3a21ae/mockito-junit-jupiter-5.7.0.jar:/Users/choisuhwan/.gradle/caches/modules-2/files-2.1/org.junit.jupiter/junit-jupiter-params/5.10.2/359132c82a9d3fa87a325db6edd33b5fdc67a3d8/junit-jupiter-params-5.10.2.jar:/Users/choisuhwan/.gradle/caches/modules-2/files-2.1/org.junit.jupiter/junit-jupiter-engine/5.10.2/f1f8fe97bd58e85569205f071274d459c2c4f8cd/junit-jupiter-engine-5.10.2.jar:/Users/choisuhwan/.gradle/caches/modules-2/files-2.1/org.junit.jupiter/junit-jupiter-api/5.10.2/fb55d6e2bce173f35fd28422e7975539621055ef/junit-jupiter-api-5.10.2.jar:/Users/choisuhwan/.gradle/caches/modules-2/files-2.1/org.junit.platform/junit-platform-engine/1.10.2/d53bb4e0ce7f211a498705783440614bfaf0df2e/junit-platform-engine-1.10.2.jar:/Users/choisuhwan/.gradle/caches/modules-2/files-2.1/org.junit.platform/junit-platform-commons/1.10.2/3197154a1f0c88da46c47a9ca27611ac7ec5d797/junit-platform-commons-1.10.2.jar:/Users/choisuhwan/.gradle/caches/modules-2/files-2.1/org.junit.jupiter/junit-jupiter/5.10.2/831c0b86ddc2ce38391c5b81ea662b0cfdc02cce/junit-jupiter-5.10.2.jar:/Users/choisuhwan/.gradle/caches/modules-2/files-2.1/org.mockito/mockito-core/5.7.0/a1c258331ab91d66863c983aff7136357e9de056/mockito-core-5.7.0.jar:/Users/choisuhwan/.gradle/caches/modules-2/files-2.1/org.skyscreamer/jsonassert/1.5.1/6d842d0faf4cf6725c509a5e5347d319ee0431c3/jsonassert-1.5.1.jar:/Users/choisuhwan/.gradle/caches/modules-2/files-2.1/org.xmlunit/xmlunit-core/2.9.1/e5833662d9a1279a37da3ef6f62a1da29fcd68c4/xmlunit-core-2.9.1.jar:/Users/choisuhwan/.gradle/caches/modules-2/files-2.1/ch.qos.logback/logback-classic/1.4.14/d98bc162275134cdf1518774da4a2a17ef6fb94d/logback-classic-1.4.14.jar:/Users/choisuhwan/.gradle/caches/modules-2/files-2.1/org.apache.logging.log4j/log4j-to-slf4j/2.21.1/d77b2ba81711ed596cd797cc2b5b5bd7409d841c/log4j-to-slf4j-2.21.1.jar:/Users/choisuhwan/.gradle/caches/modules-2/files-2.1/org.slf4j/jul-to-slf4j/2.0.12/eb5f48f782b41cc881b0bf1fb4d88ae2ff6d5b93/jul-to-slf4j-2.0.12.jar:/Users/choisuhwan/.gradle/caches/modules-2/files-2.1/org.springframework/spring-jcl/6.1.4/a244bd674a5431dfdce68d28cdf857104e6fff67/spring-jcl-6.1.4.jar:/Users/choisuhwan/.gradle/caches/modules-2/files-2.1/org.slf4j/slf4j-api/2.0.12/48f109a2a6d8f446c794f3e3fa0d86df0cdfa312/slf4j-api-2.0.12.jar:/Users/choisuhwan/.gradle/caches/modules-2/files-2.1/jakarta.activation/jakarta.activation-api/2.1.2/640c0d5aff45dbff1e1a1bc09673ff3a02b1ba12/jakarta.activation-api-2.1.2.jar:/Users/choisuhwan/.gradle/caches/modules-2/files-2.1/net.minidev/accessors-smart/2.5.0/aca011492dfe9c26f4e0659028a4fe0970829dd8/accessors-smart-2.5.0.jar:/Users/choisuhwan/.gradle/caches/modules-2/files-2.1/net.bytebuddy/byte-buddy/1.14.12/6e37f743dc15a8d7a4feb3eb0025cbc612d5b9e1/byte-buddy-1.14.12.jar:/Users/choisuhwan/.gradle/caches/modules-2/files-2.1/net.bytebuddy/byte-buddy-agent/1.14.12/be4984cb6fd1ef1d11f218a648889dfda44b8a15/byte-buddy-agent-1.14.12.jar:/Users/choisuhwan/.gradle/caches/modules-2/files-2.1/org.objenesis/objenesis/3.3/1049c09f1de4331e8193e579448d0916d75b7631/objenesis-3.3.jar:/Users/choisuhwan/.gradle/caches/modules-2/files-2.1/com.vaadin.external.google/android-json/0.0.20131108.vaadin1/fa26d351fe62a6a17f5cda1287c1c6110dec413f/android-json-0.0.20131108.vaadin1.jar:/Users/choisuhwan/.gradle/caches/modules-2/files-2.1/io.micrometer/micrometer-observation/1.12.3/105f768c211564fcebe4d79419bda4ebef0d0ac7/micrometer-observation-1.12.3.jar:/Users/choisuhwan/.gradle/caches/modules-2/files-2.1/ch.qos.logback/logback-core/1.4.14/4d3c2248219ac0effeb380ed4c5280a80bf395e8/logback-core-1.4.14.jar:/Users/choisuhwan/.gradle/caches/modules-2/files-2.1/org.apache.logging.log4j/log4j-api/2.21.1/74c65e87b9ce1694a01524e192d7be989ba70486/log4j-api-2.21.1.jar:/Users/choisuhwan/.gradle/caches/modules-2/files-2.1/org.ow2.asm/asm/9.3/8e6300ef51c1d801a7ed62d07cd221aca3a90640/asm-9.3.jar:/Users/choisuhwan/.gradle/caches/modules-2/files-2.1/org.opentest4j/opentest4j/1.3.0/152ea56b3a72f655d4fd677fc0ef2596c3dd5e6e/opentest4j-1.3.0.jar:/Users/choisuhwan/.gradle/caches/modules-2/files-2.1/io.micrometer/micrometer-commons/1.12.3/83add2dda5cdc811fefb83e858c7412a176fe5b1/micrometer-commons-1.12.3.jar:/Users/choisuhwan/.gradle/wrapper/dists/gradle-8.6-bin/afr5mpiioh2wthjmwnkmdsd5w/gradle-8.6/lib/plugins/junit-platform-engine-1.8.2.jar:/Users/choisuhwan/.gradle/wrapper/dists/gradle-8.6-bin/afr5mpiioh2wthjmwnkmdsd5w/gradle-8.6/lib/plugins/junit-platform-launcher-1.8.2.jar:/Users/choisuhwan/.gradle/wrapper/dists/gradle-8.6-bin/afr5mpiioh2wthjmwnkmdsd5w/gradle-8.6/lib/plugins/junit-platform-commons-1.8.2.jar, java.vm.vendor=Oracle Corporation, sun.arch.data.model=64, user.variant=, java.vendor.url=https://java.oracle.com/, user.timezone=Asia/Seoul, java.vm.specification.version=17, os.name=Mac OS X, user.country=KR, sun.java.launcher=SUN_STANDARD, sun.boot.library.path=/Library/Java/JavaVirtualMachines/jdk-17.jdk/Contents/Home/lib, sun.java.command=worker.org.gradle.process.internal.worker.GradleWorkerMain 'Gradle Test Executor 21', http.nonProxyHosts=local|*.local|169.254/16|*.169.254/16, jdk.debug=release, sun.cpu.endian=little, user.home=/Users/choisuhwan, user.language=ko, java.specification.vendor=Oracle Corporation, org.gradle.native=false, java.version.date=2024-01-16, java.home=/Library/Java/JavaVirtualMachines/jdk-17.jdk/Contents/Home, file.separator=/, java.vm.compressedOopsMode=Zero based, line.separator=
, java.vm.specification.vendor=Oracle Corporation, java.specification.name=Java Platform API Specification, sun.management.compiler=HotSpot 64-Bit Tiered Compilers, ftp.nonProxyHosts=local|*.local|169.254/16|*.169.254/16, java.runtime.version=17.0.10+11-LTS-240, user.name=choisuhwan, path.separator=:, os.version=14.4, java.runtime.name=Java(TM) SE Runtime Environment, file.encoding=UTF-8, java.vm.name=Java HotSpot(TM) 64-Bit Server VM, java.vendor.url.bug=https://bugreport.java.com/bugreport/, java.io.tmpdir=/var/folders/5m/cgc7m0v543g274gsw6wwxf6h0000gn/T/, java.version=17.0.10, user.dir=/Users/choisuhwan/study/Spring1, os.arch=aarch64, java.vm.specification.name=Java Virtual Machine Specification, org.gradle.internal.worker.tmpdir=/Users/choisuhwan/study/Spring1/build/tmp/test/work, native.encoding=UTF-8, java.library.path=/Users/choisuhwan/Library/Java/Extensions:/Library/Java/Extensions:/Network/Library/Java/Extensions:/System/Library/Java/Extensions:/usr/lib/java:., java.vm.info=mixed mode, sharing, java.vendor=Oracle Corporation, java.vm.version=17.0.10+11-LTS-240, sun.io.unicode.encoding=UnicodeBig, socksNonProxyHosts=local|*.local|169.254/16|*.169.254/16, java.class.version=61.0}
key = systemEnvironment value = {PATH=/usr/local/bin:/System/Cryptexes/App/usr/bin:/usr/bin:/bin:/usr/sbin:/sbin:/var/run/com.apple.security.cryptexd/codex.system/bootstrap/usr/local/bin:/var/run/com.apple.security.cryptexd/codex.system/bootstrap/usr/bin:/var/run/com.apple.security.cryptexd/codex.system/bootstrap/usr/appleinternal/bin, __CFBundleIdentifier=com.jetbrains.intellij.ce, SHELL=/bin/zsh, JAVA_MAIN_CLASS_9360=worker.org.gradle.process.internal.worker.GradleWorkerMain, OLDPWD=/, USER=choisuhwan, TMPDIR=/var/folders/5m/cgc7m0v543g274gsw6wwxf6h0000gn/T/, COMMAND_MODE=unix2003, SSH_AUTH_SOCK=/private/tmp/com.apple.launchd.LC2A2vjvI9/Listeners, XPC_FLAGS=0x0, __CF_USER_TEXT_ENCODING=0x1F5:0x3:0x33, LOGNAME=choisuhwan, LC_CTYPE=ko_KR.UTF-8, XPC_SERVICE_NAME=application.com.jetbrains.intellij.ce.392164.392880, IDEA_INITIAL_DIRECTORY=/, HOME=/Users/choisuhwan}
key = applicationStartup value = org.springframework.core.metrics.DefaultApplicationStartup@aa5455e
key = org.springframework.context.annotation.ConfigurationClassPostProcessor.importRegistry value = []
key = messageSource value = Empty MessageSource
key = applicationEventMulticaster value = org.springframework.context.event.SimpleApplicationEventMulticaster@282308c3
key = lifecycleProcessor value = org.springframework.context.support.DefaultLifecycleProcessor@5dda14d0
]]></system-out>
  <system-err><![CDATA[]]></system-err>
</testsuite>
