<?xml version="1.0" encoding="UTF-8"?>
<testsuite name="hello.core.singleton.StatefulServiceTest" tests="1" skipped="0" failures="0" errors="0" timestamp="2024-03-20T22:20:15" hostname="Suhwan-M3-MacBook-Pro.local" time="0.113">
  <properties/>
  <testcase name="statefuleServiceSingleton()" classname="hello.core.singleton.StatefulServiceTest" time="0.113"/>
  <system-out><![CDATA[07:20:16.018 [Test worker] DEBUG o.s.c.a.AnnotationConfigApplicationContext --
                Refreshing org.springframework.context.annotation.AnnotationConfigApplicationContext@189aa67a
07:20:16.022 [Test worker] DEBUG o.s.b.f.s.DefaultListableBeanFactory --
                Creating shared instance of singleton bean 'org.springframework.context.annotation.internalConfigurationAnnotationProcessor'
07:20:16.039 [Test worker] DEBUG o.s.b.f.s.DefaultListableBeanFactory --
                Creating shared instance of singleton bean 'org.springframework.context.event.internalEventListenerProcessor'
07:20:16.040 [Test worker] DEBUG o.s.b.f.s.DefaultListableBeanFactory --
                Creating shared instance of singleton bean 'org.springframework.context.event.internalEventListenerFactory'
07:20:16.042 [Test worker] DEBUG o.s.b.f.s.DefaultListableBeanFactory --
                Creating shared instance of singleton bean 'org.springframework.context.annotation.internalAutowiredAnnotationProcessor'
07:20:16.042 [Test worker] DEBUG o.s.b.f.s.DefaultListableBeanFactory --
                Creating shared instance of singleton bean 'org.springframework.context.annotation.internalCommonAnnotationProcessor'
07:20:16.045 [Test worker] DEBUG o.s.b.f.s.DefaultListableBeanFactory --
                Creating shared instance of singleton bean 'statefulServiceTest.TestConfig'
07:20:16.046 [Test worker] DEBUG o.s.b.f.s.DefaultListableBeanFactory --
                Creating shared instance of singleton bean 'statefulService'
name = userA price = 10000
name = userB price = 20000
price = 10000
]]></system-out>
  <system-err><![CDATA[]]></system-err>
</testsuite>
